Release 14.7 - xst P.20131013 (lin)
Copyright (c) 1995-2013 Xilinx, Inc.  All rights reserved.
--> 
Parameter TMPDIR set to xst/projnav.tmp


Total REAL time to Xst completion: 0.00 secs
Total CPU time to Xst completion: 0.08 secs
 
--> 
Parameter xsthdpdir set to xst


Total REAL time to Xst completion: 0.00 secs
Total CPU time to Xst completion: 0.08 secs
 
--> 
Reading design: morzeova_azbuka.prj

TABLE OF CONTENTS
  1) Synthesis Options Summary
  2) HDL Compilation
  3) Design Hierarchy Analysis
  4) HDL Analysis
  5) HDL Synthesis
     5.1) HDL Synthesis Report
  6) Advanced HDL Synthesis
     6.1) Advanced HDL Synthesis Report
  7) Low Level Synthesis
  8) Partition Report
  9) Final Report
	9.1) Device utilization summary
	9.2) Partition Resource Summary
	9.3) TIMING REPORT


=========================================================================
*                      Synthesis Options Summary                        *
=========================================================================
---- Source Parameters
Input File Name                    : "morzeova_azbuka.prj"
Input Format                       : mixed
Ignore Synthesis Constraint File   : NO

---- Target Parameters
Output File Name                   : "morzeova_azbuka"
Output Format                      : NGC
Target Device                      : xc3s500e-5-fg320

---- Source Options
Top Module Name                    : morzeova_azbuka
Automatic FSM Extraction           : YES
FSM Encoding Algorithm             : Auto
Safe Implementation                : No
FSM Style                          : LUT
RAM Extraction                     : Yes
RAM Style                          : Auto
ROM Extraction                     : Yes
Mux Style                          : Auto
Decoder Extraction                 : YES
Priority Encoder Extraction        : Yes
Shift Register Extraction          : YES
Logical Shifter Extraction         : YES
XOR Collapsing                     : YES
ROM Style                          : Auto
Mux Extraction                     : Yes
Resource Sharing                   : YES
Asynchronous To Synchronous        : NO
Multiplier Style                   : Auto
Automatic Register Balancing       : No

---- Target Options
Add IO Buffers                     : YES
Global Maximum Fanout              : 100000
Add Generic Clock Buffer(BUFG)     : 24
Register Duplication               : YES
Slice Packing                      : YES
Optimize Instantiated Primitives   : NO
Use Clock Enable                   : Yes
Use Synchronous Set                : Yes
Use Synchronous Reset              : Yes
Pack IO Registers into IOBs        : Auto
Equivalent register Removal        : YES

---- General Options
Optimization Goal                  : Speed
Optimization Effort                : 1
Keep Hierarchy                     : No
Netlist Hierarchy                  : As_Optimized
RTL Output                         : Yes
Global Optimization                : AllClockNets
Read Cores                         : YES
Write Timing Constraints           : NO
Cross Clock Analysis               : NO
Hierarchy Separator                : /
Bus Delimiter                      : <>
Case Specifier                     : Maintain
Slice Utilization Ratio            : 100
BRAM Utilization Ratio             : 100
Verilog 2001                       : YES
Auto BRAM Packing                  : NO
Slice Utilization Ratio Delta      : 5

=========================================================================


=========================================================================
*                          HDL Compilation                              *
=========================================================================
Compiling vhdl file "/root/Projects/Xilinx/Morzeova_Azbuka/morzeova_azbuka.vhd" in Library work.
Entity <morzeova_azbuka> compiled.
Entity <morzeova_azbuka> (Architecture <behavioral>) compiled.

=========================================================================
*                     Design Hierarchy Analysis                         *
=========================================================================
Analyzing hierarchy for entity <morzeova_azbuka> in library <work> (architecture <behavioral>).


=========================================================================
*                            HDL Analysis                               *
=========================================================================
Analyzing Entity <morzeova_azbuka> in library <work> (Architecture <behavioral>).
Entity <morzeova_azbuka> analyzed. Unit <morzeova_azbuka> generated.


=========================================================================
*                           HDL Synthesis                               *
=========================================================================

Performing bidirectional port resolution...

Synthesizing Unit <morzeova_azbuka>.
    Related source file is "/root/Projects/Xilinx/Morzeova_Azbuka/morzeova_azbuka.vhd".
    Found 1-bit register for signal <LED>.
    Found 16-bit up counter for signal <BROJAC>.
    Found 16-bit comparator greater for signal <BROJAC$cmp_gt0000> created at line 123.
    Found 16-bit comparator greatequal for signal <LED$cmp_ge0000> created at line 119.
    Found 16-bit comparator greatequal for signal <LED$cmp_ge0001> created at line 115.
    Found 16-bit comparator greatequal for signal <LED$cmp_ge0002> created at line 71.
    Found 16-bit comparator greatequal for signal <LED$cmp_ge0003> created at line 75.
    Found 16-bit comparator greatequal for signal <LED$cmp_ge0004> created at line 79.
    Found 16-bit comparator greatequal for signal <LED$cmp_ge0005> created at line 83.
    Found 16-bit comparator greatequal for signal <LED$cmp_ge0006> created at line 87.
    Found 16-bit comparator greatequal for signal <LED$cmp_ge0007> created at line 91.
    Found 16-bit comparator greatequal for signal <LED$cmp_ge0008> created at line 95.
    Found 16-bit comparator greatequal for signal <LED$cmp_ge0009> created at line 99.
    Found 16-bit comparator greatequal for signal <LED$cmp_ge0010> created at line 103.
    Found 16-bit comparator greatequal for signal <LED$cmp_ge0011> created at line 107.
    Found 16-bit comparator greatequal for signal <LED$cmp_ge0012> created at line 111.
    Found 16-bit comparator less for signal <LED$cmp_lt0000> created at line 119.
    Found 16-bit comparator less for signal <LED$cmp_lt0001> created at line 115.
    Found 16-bit comparator less for signal <LED$cmp_lt0002> created at line 67.
    Found 16-bit comparator less for signal <LED$cmp_lt0003> created at line 71.
    Found 16-bit comparator less for signal <LED$cmp_lt0004> created at line 75.
    Found 16-bit comparator less for signal <LED$cmp_lt0005> created at line 79.
    Found 16-bit comparator less for signal <LED$cmp_lt0006> created at line 83.
    Found 16-bit comparator less for signal <LED$cmp_lt0007> created at line 87.
    Found 16-bit comparator less for signal <LED$cmp_lt0008> created at line 91.
    Found 16-bit comparator less for signal <LED$cmp_lt0009> created at line 95.
    Found 16-bit comparator less for signal <LED$cmp_lt0010> created at line 99.
    Found 16-bit comparator less for signal <LED$cmp_lt0011> created at line 103.
    Found 16-bit comparator less for signal <LED$cmp_lt0012> created at line 107.
    Found 16-bit comparator less for signal <LED$cmp_lt0013> created at line 111.
    Found 24-bit up counter for signal <VREME>.
    Summary:
	inferred   2 Counter(s).
	inferred   1 D-type flip-flop(s).
	inferred  28 Comparator(s).
Unit <morzeova_azbuka> synthesized.


=========================================================================
HDL Synthesis Report

Macro Statistics
# Counters                                             : 2
 16-bit up counter                                     : 1
 24-bit up counter                                     : 1
# Registers                                            : 1
 1-bit register                                        : 1
# Comparators                                          : 28
 16-bit comparator greatequal                          : 13
 16-bit comparator greater                             : 1
 16-bit comparator less                                : 14

=========================================================================

=========================================================================
*                       Advanced HDL Synthesis                          *
=========================================================================


=========================================================================
Advanced HDL Synthesis Report

Macro Statistics
# Counters                                             : 2
 16-bit up counter                                     : 1
 24-bit up counter                                     : 1
# Registers                                            : 1
 Flip-Flops                                            : 1
# Comparators                                          : 28
 16-bit comparator greatequal                          : 13
 16-bit comparator greater                             : 1
 16-bit comparator less                                : 14

=========================================================================

=========================================================================
*                         Low Level Synthesis                           *
=========================================================================

Optimizing unit <morzeova_azbuka> ...

Mapping all equations...
Building and optimizing final netlist ...
Found area constraint ratio of 100 (+ 5) on block morzeova_azbuka, actual ratio is 1.

Final Macro Processing ...

=========================================================================
Final Register Report

Macro Statistics
# Registers                                            : 41
 Flip-Flops                                            : 41

=========================================================================

=========================================================================
*                           Partition Report                            *
=========================================================================

Partition Implementation Status
-------------------------------

  No Partitions were found in this design.

-------------------------------

=========================================================================
*                            Final Report                               *
=========================================================================
Final Results
RTL Top Level Output File Name     : morzeova_azbuka.ngr
Top Level Output File Name         : morzeova_azbuka
Output Format                      : NGC
Optimization Goal                  : Speed
Keep Hierarchy                     : No

Design Statistics
# IOs                              : 3

Cell Usage :
# BELS                             : 309
#      GND                         : 1
#      INV                         : 10
#      LUT1                        : 50
#      LUT2                        : 13
#      LUT2_L                      : 1
#      LUT3                        : 12
#      LUT3_L                      : 1
#      LUT4                        : 55
#      LUT4_L                      : 2
#      MUXCY                       : 122
#      MUXF5                       : 1
#      VCC                         : 1
#      XORCY                       : 40
# FlipFlops/Latches                : 41
#      FDR                         : 24
#      FDRE                        : 16
#      FDRSE                       : 1
# Clock Buffers                    : 1
#      BUFGP                       : 1
# IO Buffers                       : 2
#      IBUF                        : 1
#      OBUF                        : 1
=========================================================================

Device utilization summary:
---------------------------

Selected Device : 3s500efg320-5 

 Number of Slices:                       75  out of   4656     1%  
 Number of Slice Flip Flops:             41  out of   9312     0%  
 Number of 4 input LUTs:                144  out of   9312     1%  
 Number of IOs:                           3
 Number of bonded IOBs:                   3  out of    232     1%  
 Number of GCLKs:                         1  out of     24     4%  

---------------------------
Partition Resource Summary:
---------------------------

  No Partitions were found in this design.

---------------------------


=========================================================================
TIMING REPORT

NOTE: THESE TIMING NUMBERS ARE ONLY A SYNTHESIS ESTIMATE.
      FOR ACCURATE TIMING INFORMATION PLEASE REFER TO THE TRACE REPORT
      GENERATED AFTER PLACE-and-ROUTE.

Clock Information:
------------------
-----------------------------------+------------------------+-------+
Clock Signal                       | Clock buffer(FF name)  | Load  |
-----------------------------------+------------------------+-------+
CLK                                | BUFGP                  | 41    |
-----------------------------------+------------------------+-------+

Asynchronous Control Signals Information:
----------------------------------------
No asynchronous control signals found in this design

Timing Summary:
---------------
Speed Grade: -5

   Minimum period: 6.521ns (Maximum Frequency: 153.346MHz)
   Minimum input arrival time before clock: 4.128ns
   Maximum output required time after clock: 4.040ns
   Maximum combinational path delay: No path found

Timing Detail:
--------------
All values displayed in nanoseconds (ns)

=========================================================================
Timing constraint: Default period analysis for Clock 'CLK'
  Clock period: 6.521ns (frequency: 153.346MHz)
  Total number of paths / destination ports: 2404 / 100
-------------------------------------------------------------------------
Delay:               6.521ns (Levels of Logic = 9)
  Source:            BROJAC_2 (FF)
  Destination:       LED (FF)
  Source Clock:      CLK rising
  Destination Clock: CLK rising

  Data Path: BROJAC_2 to LED
                                Gate     Net
    Cell:in->out      fanout   Delay   Delay  Logical Name (Net Name)
    ----------------------------------------  ------------
     FDRE:C->Q            13   0.514   0.988  BROJAC_2 (BROJAC_2)
     LUT2:I0->O            1   0.612   0.000  Mcompar_LED_cmp_lt0000_lut<1>11 (Mcompar_LED_cmp_lt0000_lut<1>11)
     MUXCY:S->O            1   0.404   0.000  Mcompar_LED_cmp_lt0000_cy<1>_10 (Mcompar_LED_cmp_lt0000_cy<1>11)
     MUXCY:CI->O           1   0.052   0.000  Mcompar_LED_cmp_lt0000_cy<2>_10 (Mcompar_LED_cmp_lt0000_cy<2>11)
     MUXCY:CI->O           1   0.052   0.000  Mcompar_LED_cmp_lt0000_cy<3>_10 (Mcompar_LED_cmp_lt0000_cy<3>10)
     MUXCY:CI->O           1   0.052   0.000  Mcompar_LED_cmp_lt0000_cy<4>_4 (Mcompar_LED_cmp_lt0000_cy<4>5)
     MUXCY:CI->O           6   0.399   0.599  Mcompar_LED_cmp_lt0000_cy<5>_1 (Mcompar_LED_cmp_lt0000_cy<5>1)
     LUT4:I2->O            1   0.612   0.360  LED_mux000012_SW0 (N3)
     LUT4:I3->O            1   0.612   0.387  LED_mux000012 (LED_mux000012)
     LUT4:I2->O            1   0.612   0.000  LED_mux0000157 (LED_mux0000)
     FDRSE:D                   0.268          LED
    ----------------------------------------
    Total                      6.521ns (4.188ns logic, 2.333ns route)
                                       (64.2% logic, 35.8% route)

=========================================================================
Timing constraint: Default OFFSET IN BEFORE for Clock 'CLK'
  Total number of paths / destination ports: 17 / 17
-------------------------------------------------------------------------
Offset:              4.128ns (Levels of Logic = 3)
  Source:            RESET (PAD)
  Destination:       LED (FF)
  Destination Clock: CLK rising

  Data Path: RESET to LED
                                Gate     Net
    Cell:in->out      fanout   Delay   Delay  Logical Name (Net Name)
    ----------------------------------------  ------------
     IBUF:I->O             2   1.106   0.532  RESET_IBUF (RESET_IBUF)
     LUT2:I0->O            1   0.612   0.426  LED_not000119_SW0 (N111)
     LUT4:I1->O            1   0.612   0.357  LED_not000132 (LED_not0001)
     FDRSE:CE                  0.483          LED
    ----------------------------------------
    Total                      4.128ns (2.813ns logic, 1.315ns route)
                                       (68.1% logic, 31.9% route)

=========================================================================
Timing constraint: Default OFFSET OUT AFTER for Clock 'CLK'
  Total number of paths / destination ports: 1 / 1
-------------------------------------------------------------------------
Offset:              4.040ns (Levels of Logic = 1)
  Source:            LED (FF)
  Destination:       LED (PAD)
  Source Clock:      CLK rising

  Data Path: LED to LED
                                Gate     Net
    Cell:in->out      fanout   Delay   Delay  Logical Name (Net Name)
    ----------------------------------------  ------------
     FDRSE:C->Q            1   0.514   0.357  LED (LED_OBUF)
     OBUF:I->O                 3.169          LED_OBUF (LED)
    ----------------------------------------
    Total                      4.040ns (3.683ns logic, 0.357ns route)
                                       (91.2% logic, 8.8% route)

=========================================================================


Total REAL time to Xst completion: 16.00 secs
Total CPU time to Xst completion: 15.96 secs
 
--> 


Total memory usage is 166920 kilobytes

Number of errors   :    0 (   0 filtered)
Number of warnings :    0 (   0 filtered)
Number of infos    :    0 (   0 filtered)

